This is pdfTeX, Version 3.1415926-2.5-1.40.14 (TeX Live 2013) (format=pdflatex 2017.8.9)  19 AUG 2017 15:37
entering extended mode
 restricted \write18 enabled.
 %&-line parsing enabled.
**calendar_1.tex
(./calendar_1.tex
LaTeX2e <2011/06/27>
Babel <v3.8m> and hyphenation patterns for english, dumylang, nohyphenation, uk
rainian, russian, bulgarian, loaded.
(/usr/share/texlive/texmf-dist/tex/latex/base/article.cls
Document Class: article 2007/10/19 v1.4h Standard LaTeX document class
(/usr/share/texlive/texmf-dist/tex/latex/base/size10.clo
File: size10.clo 2007/10/19 v1.4h Standard LaTeX file (size option)
)
\c@part=\count79
\c@section=\count80
\c@subsection=\count81
\c@subsubsection=\count82
\c@paragraph=\count83
\c@subparagraph=\count84
\c@figure=\count85
\c@table=\count86
\abovecaptionskip=\skip41
\belowcaptionskip=\skip42
\bibindent=\dimen102
) (./calendar.sty
Package: calendar 2009/04/24LaTeX2e class file `calendar' v3.1

'calendar' style 3.12009/04/24.
Created by Evan Sultanik
****** Bugs/comments/suggestions/technicalities to Evan Sultanik -- evan@sultan
ik.com ******
(/usr/share/texlive/texmf-dist/tex/latex/tools/tabularx.sty
Package: tabularx 1999/01/07 v2.07 `tabularx' package (DPC)

(/usr/share/texlive/texmf-dist/tex/latex/tools/array.sty
Package: array 2008/09/09 v2.4c Tabular extension package (FMi)
\col@sep=\dimen103
\extrarowheight=\dimen104
\NC@list=\toks14
\extratabsurround=\skip43
\backup@length=\skip44
)
\TX@col@width=\dimen105
\TX@old@table=\dimen106
\TX@old@col=\dimen107
\TX@target=\dimen108
\TX@delta=\dimen109
\TX@cols=\count87
\TX@ftn=\toks15
)
\@currentdaynum=\count88
\c@calendardate=\count89
\StartingDayNumber=\count90
)
(/usr/share/texlive/texmf-dist/tex/latex/geometry/geometry.sty
Package: geometry 2010/09/12 v5.6 Page Geometry

(/usr/share/texlive/texmf-dist/tex/latex/graphics/keyval.sty
Package: keyval 1999/03/16 v1.13 key=value parser (DPC)
\KV@toks@=\toks16
)
(/usr/share/texlive/texmf-dist/tex/generic/oberdiek/ifpdf.sty
Package: ifpdf 2011/01/30 v2.3 Provides the ifpdf switch (HO)
Package ifpdf Info: pdfTeX in PDF mode is detected.
)
(/usr/share/texlive/texmf-dist/tex/generic/oberdiek/ifvtex.sty
Package: ifvtex 2010/03/01 v1.5 Detect VTeX and its facilities (HO)
Package ifvtex Info: VTeX not detected.
)
(/usr/share/texlive/texmf-dist/tex/generic/ifxetex/ifxetex.sty
Package: ifxetex 2010/09/12 v0.6 Provides ifxetex conditional
)
\Gm@cnth=\count91
\Gm@cntv=\count92
\c@Gm@tempcnt=\count93
\Gm@bindingoffset=\dimen110
\Gm@wd@mp=\dimen111
\Gm@odd@mp=\dimen112
\Gm@even@mp=\dimen113
\Gm@layoutwidth=\dimen114
\Gm@layoutheight=\dimen115
\Gm@layouthoffset=\dimen116
\Gm@layoutvoffset=\dimen117
\Gm@dimlist=\toks17
)
(./calendar_1.aux)
\openout1 = `calendar_1.aux'.

LaTeX Font Info:    Checking defaults for OML/cmm/m/it on input line 28.
LaTeX Font Info:    ... okay on input line 28.
LaTeX Font Info:    Checking defaults for T1/cmr/m/n on input line 28.
LaTeX Font Info:    ... okay on input line 28.
LaTeX Font Info:    Checking defaults for OT1/cmr/m/n on input line 28.
LaTeX Font Info:    ... okay on input line 28.
LaTeX Font Info:    Checking defaults for OMS/cmsy/m/n on input line 28.
LaTeX Font Info:    ... okay on input line 28.
LaTeX Font Info:    Checking defaults for OMX/cmex/m/n on input line 28.
LaTeX Font Info:    ... okay on input line 28.
LaTeX Font Info:    Checking defaults for U/cmr/m/n on input line 28.
LaTeX Font Info:    ... okay on input line 28.

*geometry* driver: auto-detecting
*geometry* detected driver: pdftex
*geometry* verbose mode - [ preamble ] result:
* driver: pdftex
* paper: a4paper
* layout: <same size as paper>
* layoutoffset:(h,v)=(0.0pt,0.0pt)
* modes: landscape 
* h-part:(L,W,R)=(36.135pt, 772.77686pt, 36.135pt)
* v-part:(T,H,B)=(36.135pt, 525.23788pt, 36.135pt)
* \paperwidth=845.04684pt
* \paperheight=597.50787pt
* \textwidth=772.77686pt
* \textheight=525.23788pt
* \oddsidemargin=-36.135pt
* \evensidemargin=-36.135pt
* \topmargin=-73.135pt
* \headheight=12.0pt
* \headsep=25.0pt
* \topskip=10.0pt
* \footskip=30.0pt
* \marginparwidth=144.0pt
* \marginparsep=11.0pt
* \columnsep=10.0pt
* \skip\footins=9.0pt plus 4.0pt minus 2.0pt
* \hoffset=0.0pt
* \voffset=0.0pt
* \mag=1000
* \@twocolumnfalse
* \@twosidefalse
* \@mparswitchfalse
* \@reversemarginfalse
* (1in=72.27pt=25.4mm, 1cm=28.453pt)

\@calendarwidth=\dimen118
\@currday=\count94
\@numdays=\count95

Overfull \hbox (1.78319pt too wide) in paragraph at lines 123--123
 \OT1/cmr/m/it/10 10
 []


Overfull \hbox (1.78319pt too wide) in paragraph at lines 123--123
 \OT1/cmr/m/it/10 11
 []


Overfull \hbox (1.78319pt too wide) in paragraph at lines 123--123
 \OT1/cmr/m/it/10 12
 []


Overfull \hbox (1.78319pt too wide) in paragraph at lines 123--123
 \OT1/cmr/m/it/10 13
 []


Overfull \hbox (1.78319pt too wide) in paragraph at lines 123--123
 \OT1/cmr/m/it/10 14
 []


Overfull \hbox (1.78319pt too wide) in paragraph at lines 123--123
 \OT1/cmr/m/it/10 15
 []


Overfull \hbox (1.78319pt too wide) in paragraph at lines 123--123
 \OT1/cmr/m/it/10 16
 []


Overfull \hbox (1.78319pt too wide) in paragraph at lines 123--123
 \OT1/cmr/m/it/10 17
 []


Overfull \hbox (1.78319pt too wide) in paragraph at lines 123--123
 \OT1/cmr/m/it/10 18
 []


Overfull \hbox (1.78319pt too wide) in paragraph at lines 123--123
 \OT1/cmr/m/it/10 19
 []


Overfull \hbox (1.78319pt too wide) in paragraph at lines 123--123
 \OT1/cmr/m/it/10 20
 []


Overfull \hbox (1.78319pt too wide) in paragraph at lines 123--123
 \OT1/cmr/m/it/10 21
 []


Overfull \hbox (1.78319pt too wide) in paragraph at lines 123--123
 \OT1/cmr/m/it/10 22
 []


Overfull \hbox (1.78319pt too wide) in paragraph at lines 123--123
 \OT1/cmr/m/it/10 23
 []


Overfull \hbox (1.78319pt too wide) in paragraph at lines 123--123
 \OT1/cmr/m/it/10 24
 []


Overfull \hbox (1.78319pt too wide) in paragraph at lines 123--123
 \OT1/cmr/m/it/10 25
 []


Overfull \hbox (1.78319pt too wide) in paragraph at lines 123--123
 \OT1/cmr/m/it/10 26
 []


Overfull \hbox (1.78319pt too wide) in paragraph at lines 123--123
 \OT1/cmr/m/it/10 27
 []


Overfull \hbox (1.78319pt too wide) in paragraph at lines 123--123
 \OT1/cmr/m/it/10 28
 []


Overfull \hbox (1.78319pt too wide) in paragraph at lines 123--123
 \OT1/cmr/m/it/10 29
 []


Overfull \hbox (1.78319pt too wide) in paragraph at lines 123--123
 \OT1/cmr/m/it/10 30
 []


Overfull \hbox (1.78319pt too wide) in paragraph at lines 123--123
 \OT1/cmr/m/it/10 31
 []


Overfull \hbox (15.0pt too wide) in paragraph at lines 123--124
[][]
 []


Underfull \hbox (badness 10000) in paragraph at lines 123--124

 []

[1

{/usr/share/texlive/texmf/fonts/map/pdftex/updmap/pdftex.map}]
(./calendar_1.aux) ) 
Here is how much of TeX's memory you used:
 856 strings out of 494820
 11492 string characters out of 3178050
 84373 words of memory out of 3000000
 4101 multiletter control sequences out of 15000+200000
 4889 words of font info for 18 fonts, out of 3000000 for 9000
 198 hyphenation exceptions out of 8191
 28i,10n,32p,282b,248s stack positions out of 5000i,500n,10000p,200000b,50000s
</usr/share/texlive/texmf-dist/fonts/type1/public/amsfonts/
cm/cmcsc10.pfb></usr/share/texlive/texmf-dist/fonts/type1/public/amsfonts/cm/cm
r7.pfb></usr/share/texlive/texmf-dist/fonts/type1/public/amsfonts/cm/cmti10.pfb
>
Output written on calendar_1.pdf (1 page, 34168 bytes).
PDF statistics:
 20 PDF objects out of 1000 (max. 8388607)
 13 compressed objects within 1 object stream
 0 named destinations out of 1000 (max. 500000)
 1 words of extra memory for PDF output out of 10000 (max. 10000000)

